[debug] [2017-08-09T07:36:47.233Z] ----------------------------------------------------------------------
[debug] [2017-08-09T07:36:47.235Z] Command:       /usr/local/Cellar/node/8.2.1/bin/node /usr/local/bin/firebase deploy
[debug] [2017-08-09T07:36:47.235Z] CLI Version:   3.9.2
[debug] [2017-08-09T07:36:47.235Z] Platform:      darwin
[debug] [2017-08-09T07:36:47.235Z] Node Version:  v8.2.1
[debug] [2017-08-09T07:36:47.235Z] Time:          Wed Aug 09 2017 03:36:47 GMT-0400 (EDT)
[debug] [2017-08-09T07:36:47.235Z] ----------------------------------------------------------------------
[debug] 
[debug] [2017-08-09T07:36:47.249Z] > command requires scopes: ["email","openid","https://www.googleapis.com/auth/cloudplatformprojects.readonly","https://www.googleapis.com/auth/firebase","https://www.googleapis.com/auth/cloud-platform"]
[debug] [2017-08-09T07:36:47.250Z] > authorizing via signed-in user
[debug] [2017-08-09T07:36:47.251Z] > refreshing access token with scopes: ["email","https://www.googleapis.com/auth/cloud-platform","https://www.googleapis.com/auth/cloudplatformprojects.readonly","https://www.googleapis.com/auth/firebase","openid"]
[debug] [2017-08-09T07:36:47.251Z] >>> HTTP REQUEST POST https://www.googleapis.com/oauth2/v3/token { refresh_token: '1/h46RTH-Jto6TaPTOBIvfkOUe01pZA3i7zNPa-VOyhbs',
  client_id: '563584335869-fgrhgmd47bqnekij5i8b5pr03ho849e6.apps.googleusercontent.com',
  client_secret: 'j9iVZfS8kkCEFUPaAeJV0sAi',
  grant_type: 'refresh_token',
  scope: 'email https://www.googleapis.com/auth/cloud-platform https://www.googleapis.com/auth/cloudplatformprojects.readonly https://www.googleapis.com/auth/firebase openid' } 
 Wed Aug 09 2017 03:36:47 GMT-0400 (EDT)
[debug] [2017-08-09T07:36:47.446Z] <<< HTTP RESPONSE 200
[debug] [2017-08-09T07:36:47.459Z] >>> HTTP REQUEST GET https://admin.firebase.com/v1/projects/ticketlynx-5a17f  
 Wed Aug 09 2017 03:36:47 GMT-0400 (EDT)
[debug] [2017-08-09T07:37:34.917Z] ----------------------------------------------------------------------
[debug] [2017-08-09T07:37:34.919Z] Command:       /usr/local/Cellar/node/8.2.1/bin/node /usr/local/bin/firebase deploy
[debug] [2017-08-09T07:37:34.919Z] CLI Version:   3.9.2
[debug] [2017-08-09T07:37:34.919Z] Platform:      darwin
[debug] [2017-08-09T07:37:34.919Z] Node Version:  v8.2.1
[debug] [2017-08-09T07:37:34.920Z] Time:          Wed Aug 09 2017 03:37:34 GMT-0400 (EDT)
[debug] [2017-08-09T07:37:34.920Z] ----------------------------------------------------------------------
[debug] 
[debug] [2017-08-09T07:37:34.930Z] > command requires scopes: ["email","openid","https://www.googleapis.com/auth/cloudplatformprojects.readonly","https://www.googleapis.com/auth/firebase","https://www.googleapis.com/auth/cloud-platform"]
[debug] [2017-08-09T07:37:34.930Z] > authorizing via signed-in user
[debug] [2017-08-09T07:37:34.932Z] >>> HTTP REQUEST GET https://admin.firebase.com/v1/projects/ticketlynx-5a17f  
 Wed Aug 09 2017 03:37:34 GMT-0400 (EDT)
[debug] [2017-08-09T07:38:05.808Z] ----------------------------------------------------------------------
[debug] [2017-08-09T07:38:05.810Z] Command:       /usr/local/Cellar/node/8.2.1/bin/node /usr/local/bin/firebase deploy
[debug] [2017-08-09T07:38:05.810Z] CLI Version:   3.9.2
[debug] [2017-08-09T07:38:05.810Z] Platform:      darwin
[debug] [2017-08-09T07:38:05.810Z] Node Version:  v8.2.1
[debug] [2017-08-09T07:38:05.811Z] Time:          Wed Aug 09 2017 03:38:05 GMT-0400 (EDT)
[debug] [2017-08-09T07:38:05.811Z] ----------------------------------------------------------------------
[debug] 
[debug] [2017-08-09T07:38:05.821Z] > command requires scopes: ["email","openid","https://www.googleapis.com/auth/cloudplatformprojects.readonly","https://www.googleapis.com/auth/firebase","https://www.googleapis.com/auth/cloud-platform"]
[debug] [2017-08-09T07:38:05.821Z] > authorizing via signed-in user
[debug] [2017-08-09T07:38:05.823Z] >>> HTTP REQUEST GET https://admin.firebase.com/v1/projects/ticketlynx-5a17f  
 Wed Aug 09 2017 03:38:05 GMT-0400 (EDT)
[debug] [2017-08-09T07:39:54.570Z] ----------------------------------------------------------------------
[debug] [2017-08-09T07:39:54.572Z] Command:       /usr/local/Cellar/node/8.2.1/bin/node /usr/local/bin/firebase deploy
[debug] [2017-08-09T07:39:54.572Z] CLI Version:   3.9.2
[debug] [2017-08-09T07:39:54.572Z] Platform:      darwin
[debug] [2017-08-09T07:39:54.572Z] Node Version:  v8.2.1
[debug] [2017-08-09T07:39:54.572Z] Time:          Wed Aug 09 2017 03:39:54 GMT-0400 (EDT)
[debug] [2017-08-09T07:39:54.572Z] ----------------------------------------------------------------------
[debug] 
[debug] [2017-08-09T07:39:54.582Z] > command requires scopes: ["email","openid","https://www.googleapis.com/auth/cloudplatformprojects.readonly","https://www.googleapis.com/auth/firebase","https://www.googleapis.com/auth/cloud-platform"]
[debug] [2017-08-09T07:39:54.582Z] > authorizing via signed-in user
[debug] [2017-08-09T07:39:54.584Z] >>> HTTP REQUEST GET https://admin.firebase.com/v1/projects/ticketlynx-5a17f  
 Wed Aug 09 2017 03:39:54 GMT-0400 (EDT)
[debug] [2017-08-09T07:41:01.999Z] ----------------------------------------------------------------------
[debug] [2017-08-09T07:41:02.001Z] Command:       /usr/local/Cellar/node/8.2.1/bin/node /usr/local/bin/firebase deploy
[debug] [2017-08-09T07:41:02.001Z] CLI Version:   3.9.2
[debug] [2017-08-09T07:41:02.001Z] Platform:      darwin
[debug] [2017-08-09T07:41:02.001Z] Node Version:  v8.2.1
[debug] [2017-08-09T07:41:02.002Z] Time:          Wed Aug 09 2017 03:41:02 GMT-0400 (EDT)
[debug] [2017-08-09T07:41:02.002Z] ----------------------------------------------------------------------
[debug] 
[debug] [2017-08-09T07:41:02.012Z] > command requires scopes: ["email","openid","https://www.googleapis.com/auth/cloudplatformprojects.readonly","https://www.googleapis.com/auth/firebase","https://www.googleapis.com/auth/cloud-platform"]
[debug] [2017-08-09T07:41:02.013Z] > authorizing via signed-in user
[debug] [2017-08-09T07:41:02.014Z] >>> HTTP REQUEST GET https://admin.firebase.com/v1/projects/ticketlynx-5a17f  
 Wed Aug 09 2017 03:41:02 GMT-0400 (EDT)
[debug] [2017-08-09T07:41:42.766Z] ----------------------------------------------------------------------
[debug] [2017-08-09T07:41:42.769Z] Command:       /usr/local/Cellar/node/8.2.1/bin/node /usr/local/bin/firebase deploy
[debug] [2017-08-09T07:41:42.769Z] CLI Version:   3.9.2
[debug] [2017-08-09T07:41:42.769Z] Platform:      darwin
[debug] [2017-08-09T07:41:42.769Z] Node Version:  v8.2.1
[debug] [2017-08-09T07:41:42.769Z] Time:          Wed Aug 09 2017 03:41:42 GMT-0400 (EDT)
[debug] [2017-08-09T07:41:42.769Z] ----------------------------------------------------------------------
[debug] 
[debug] [2017-08-09T07:41:42.779Z] > command requires scopes: ["email","openid","https://www.googleapis.com/auth/cloudplatformprojects.readonly","https://www.googleapis.com/auth/firebase","https://www.googleapis.com/auth/cloud-platform"]
[debug] [2017-08-09T07:41:42.779Z] > authorizing via signed-in user
[debug] [2017-08-09T07:41:42.781Z] >>> HTTP REQUEST GET https://admin.firebase.com/v1/projects/ticketlynx-5a17f  
 Wed Aug 09 2017 03:41:42 GMT-0400 (EDT)
[debug] [2017-08-09T07:42:00.619Z] ----------------------------------------------------------------------
[debug] [2017-08-09T07:42:00.621Z] Command:       /usr/local/Cellar/node/8.2.1/bin/node /usr/local/bin/firebase deploy
[debug] [2017-08-09T07:42:00.621Z] CLI Version:   3.9.2
[debug] [2017-08-09T07:42:00.621Z] Platform:      darwin
[debug] [2017-08-09T07:42:00.621Z] Node Version:  v8.2.1
[debug] [2017-08-09T07:42:00.622Z] Time:          Wed Aug 09 2017 03:42:00 GMT-0400 (EDT)
[debug] [2017-08-09T07:42:00.622Z] ----------------------------------------------------------------------
[debug] 
[debug] [2017-08-09T07:42:00.631Z] > command requires scopes: ["email","openid","https://www.googleapis.com/auth/cloudplatformprojects.readonly","https://www.googleapis.com/auth/firebase","https://www.googleapis.com/auth/cloud-platform"]
[debug] [2017-08-09T07:42:00.632Z] > authorizing via signed-in user
[debug] [2017-08-09T07:42:00.633Z] >>> HTTP REQUEST GET https://admin.firebase.com/v1/projects/ticketlynx-5a17f  
 Wed Aug 09 2017 03:42:00 GMT-0400 (EDT)
[debug] [2017-08-09T07:43:16.165Z] Error: connect ETIMEDOUT 104.197.85.31:443
    at Object.exports._errnoException (util.js:1024:11)
    at exports._exceptionWithHostPort (util.js:1047:20)
    at TCPConnectWrap.afterConnect [as oncomplete] (net.js:1150:14)
[error] 
[error] Error: Server Error. connect ETIMEDOUT 104.197.85.31:443
[debug] [2017-08-09T07:52:28.442Z] ----------------------------------------------------------------------
[debug] [2017-08-09T07:52:28.444Z] Command:       /usr/local/Cellar/node/8.2.1/bin/node /usr/local/bin/firebase deploy
[debug] [2017-08-09T07:52:28.444Z] CLI Version:   3.9.2
[debug] [2017-08-09T07:52:28.444Z] Platform:      darwin
[debug] [2017-08-09T07:52:28.444Z] Node Version:  v8.2.1
[debug] [2017-08-09T07:52:28.444Z] Time:          Wed Aug 09 2017 03:52:28 GMT-0400 (EDT)
[debug] [2017-08-09T07:52:28.444Z] ----------------------------------------------------------------------
[debug] 
[debug] [2017-08-09T07:52:28.454Z] > command requires scopes: ["email","openid","https://www.googleapis.com/auth/cloudplatformprojects.readonly","https://www.googleapis.com/auth/firebase","https://www.googleapis.com/auth/cloud-platform"]
[debug] [2017-08-09T07:52:28.455Z] > authorizing via signed-in user
[debug] [2017-08-09T07:52:28.456Z] >>> HTTP REQUEST GET https://admin.firebase.com/v1/projects/ticketlynx-5a17f  
 Wed Aug 09 2017 03:52:28 GMT-0400 (EDT)
[debug] [2017-08-09T07:54:22.668Z] ----------------------------------------------------------------------
[debug] [2017-08-09T07:54:22.670Z] Command:       /usr/local/Cellar/node/8.2.1/bin/node /usr/local/bin/firebase deploy
[debug] [2017-08-09T07:54:22.671Z] CLI Version:   3.9.2
[debug] [2017-08-09T07:54:22.671Z] Platform:      darwin
[debug] [2017-08-09T07:54:22.671Z] Node Version:  v8.2.1
[debug] [2017-08-09T07:54:22.671Z] Time:          Wed Aug 09 2017 03:54:22 GMT-0400 (EDT)
[debug] [2017-08-09T07:54:22.671Z] ----------------------------------------------------------------------
[debug] 
[debug] [2017-08-09T07:54:22.681Z] > command requires scopes: ["email","openid","https://www.googleapis.com/auth/cloudplatformprojects.readonly","https://www.googleapis.com/auth/firebase","https://www.googleapis.com/auth/cloud-platform"]
[debug] [2017-08-09T07:54:22.681Z] > authorizing via signed-in user
[debug] [2017-08-09T07:54:22.684Z] >>> HTTP REQUEST GET https://admin.firebase.com/v1/projects/ticketlynx-5a17f  
 Wed Aug 09 2017 03:54:22 GMT-0400 (EDT)
[debug] [2017-08-09T07:57:14.259Z] ----------------------------------------------------------------------
[debug] [2017-08-09T07:57:14.260Z] Command:       /usr/local/Cellar/node/8.2.1/bin/node /usr/local/bin/firebase deploy
[debug] [2017-08-09T07:57:14.261Z] CLI Version:   3.9.2
[debug] [2017-08-09T07:57:14.261Z] Platform:      darwin
[debug] [2017-08-09T07:57:14.261Z] Node Version:  v8.2.1
[debug] [2017-08-09T07:57:14.261Z] Time:          Wed Aug 09 2017 03:57:14 GMT-0400 (EDT)
[debug] [2017-08-09T07:57:14.261Z] ----------------------------------------------------------------------
[debug] 
[debug] [2017-08-09T07:57:14.271Z] > command requires scopes: ["email","openid","https://www.googleapis.com/auth/cloudplatformprojects.readonly","https://www.googleapis.com/auth/firebase","https://www.googleapis.com/auth/cloud-platform"]
[debug] [2017-08-09T07:57:14.271Z] > authorizing via signed-in user
[debug] [2017-08-09T07:57:14.273Z] >>> HTTP REQUEST GET https://admin.firebase.com/v1/projects/ticketlynx-5a17f  
 Wed Aug 09 2017 03:57:14 GMT-0400 (EDT)
[debug] [2017-08-09T07:58:45.798Z] Error: socket hang up
    at TLSSocket.onHangUp (_tls_wrap.js:1130:19)
    at Object.onceWrapper (events.js:314:30)
    at emitNone (events.js:110:20)
    at TLSSocket.emit (events.js:207:7)
    at endReadableNT (_stream_readable.js:1045:12)
    at _combinedTickCallback (internal/process/next_tick.js:138:11)
    at process._tickCallback (internal/process/next_tick.js:180:9)
[error] 
[error] Error: Server Error. socket hang up
[debug] [2017-08-09T08:00:04.055Z] ----------------------------------------------------------------------
[debug] [2017-08-09T08:00:04.057Z] Command:       /usr/local/Cellar/node/8.2.1/bin/node /usr/local/bin/firebase deploy
[debug] [2017-08-09T08:00:04.057Z] CLI Version:   3.9.2
[debug] [2017-08-09T08:00:04.057Z] Platform:      darwin
[debug] [2017-08-09T08:00:04.057Z] Node Version:  v8.2.1
[debug] [2017-08-09T08:00:04.058Z] Time:          Wed Aug 09 2017 04:00:04 GMT-0400 (EDT)
[debug] [2017-08-09T08:00:04.058Z] ----------------------------------------------------------------------
[debug] 
[debug] [2017-08-09T08:00:04.068Z] > command requires scopes: ["email","openid","https://www.googleapis.com/auth/cloudplatformprojects.readonly","https://www.googleapis.com/auth/firebase","https://www.googleapis.com/auth/cloud-platform"]
[debug] [2017-08-09T08:00:04.068Z] > authorizing via signed-in user
[debug] [2017-08-09T08:00:04.071Z] >>> HTTP REQUEST GET https://admin.firebase.com/v1/projects/ticketlynx-5a17f  
 Wed Aug 09 2017 04:00:04 GMT-0400 (EDT)
[debug] [2017-08-09T08:00:19.234Z] ----------------------------------------------------------------------
[debug] [2017-08-09T08:00:19.236Z] Command:       /usr/local/Cellar/node/8.2.1/bin/node /usr/local/bin/firebase deploy
[debug] [2017-08-09T08:00:19.236Z] CLI Version:   3.9.2
[debug] [2017-08-09T08:00:19.236Z] Platform:      darwin
[debug] [2017-08-09T08:00:19.236Z] Node Version:  v8.2.1
[debug] [2017-08-09T08:00:19.237Z] Time:          Wed Aug 09 2017 04:00:19 GMT-0400 (EDT)
[debug] [2017-08-09T08:00:19.237Z] ----------------------------------------------------------------------
[debug] 
[debug] [2017-08-09T08:00:19.247Z] > command requires scopes: ["email","openid","https://www.googleapis.com/auth/cloudplatformprojects.readonly","https://www.googleapis.com/auth/firebase","https://www.googleapis.com/auth/cloud-platform"]
[debug] [2017-08-09T08:00:19.247Z] > authorizing via signed-in user
[debug] [2017-08-09T08:00:19.249Z] >>> HTTP REQUEST GET https://admin.firebase.com/v1/projects/ticketlynx-5a17f  
 Wed Aug 09 2017 04:00:19 GMT-0400 (EDT)
[debug] [2017-08-09T08:01:36.383Z] Error: connect ETIMEDOUT 104.197.85.31:443
    at Object.exports._errnoException (util.js:1024:11)
    at exports._exceptionWithHostPort (util.js:1047:20)
    at TCPConnectWrap.afterConnect [as oncomplete] (net.js:1150:14)
[error] 
[error] Error: Server Error. connect ETIMEDOUT 104.197.85.31:443
[debug] [2017-08-09T08:04:00.291Z] ----------------------------------------------------------------------
[debug] [2017-08-09T08:04:00.293Z] Command:       /usr/local/Cellar/node/8.2.1/bin/node /usr/local/bin/firebase deploy
[debug] [2017-08-09T08:04:00.293Z] CLI Version:   3.9.2
[debug] [2017-08-09T08:04:00.293Z] Platform:      darwin
[debug] [2017-08-09T08:04:00.293Z] Node Version:  v8.2.1
[debug] [2017-08-09T08:04:00.293Z] Time:          Wed Aug 09 2017 04:04:00 GMT-0400 (EDT)
[debug] [2017-08-09T08:04:00.293Z] ----------------------------------------------------------------------
[debug] 
[debug] [2017-08-09T08:04:00.303Z] > command requires scopes: ["email","openid","https://www.googleapis.com/auth/cloudplatformprojects.readonly","https://www.googleapis.com/auth/firebase","https://www.googleapis.com/auth/cloud-platform"]
[debug] [2017-08-09T08:04:00.303Z] > authorizing via signed-in user
[debug] [2017-08-09T08:04:00.305Z] >>> HTTP REQUEST GET https://admin.firebase.com/v1/projects/ticketlynx-5a17f  
 Wed Aug 09 2017 04:04:00 GMT-0400 (EDT)
[debug] [2017-08-09T08:05:15.987Z] Error: connect ETIMEDOUT 104.197.85.31:443
    at Object.exports._errnoException (util.js:1024:11)
    at exports._exceptionWithHostPort (util.js:1047:20)
    at TCPConnectWrap.afterConnect [as oncomplete] (net.js:1150:14)
[error] 
[error] Error: Server Error. connect ETIMEDOUT 104.197.85.31:443
